<?xml version="1.0" encoding="UTF-8"?>
<testng-results ignored="0" total="1" passed="1" failed="0" skipped="0">
  <reporter-output>
    <line>
      <![CDATA[verifyMyerpagancycode]]>
    </line>
    <line>
      <![CDATA[verifyMyerpUserid]]>
    </line>
    <line>
      <![CDATA[ verifyMyerpPassword]]>
    </line>
    <line>
      <![CDATA[ verifyMyerplogin]]>
    </line>
    <line>
      <![CDATA[ verifyMyerpgerneralreport]]>
    </line>
    <line>
      <![CDATA[ verifyMyerpsaleregister]]>
    </line>
    <line>
      <![CDATA[ verifyMyerpselectdate]]>
    </line>
    <line>
      <![CDATA[ verifyMyerpgetdatabtn]]>
    </line>
  </reporter-output>
  <suite started-at="2023-01-13T15:43:46 IST" name="Default suite" finished-at="2023-01-13T15:44:13 IST" duration-ms="26599">
    <groups>
    </groups>
    <test started-at="2023-01-13T15:43:46 IST" name="Default test" finished-at="2023-01-13T15:44:13 IST" duration-ms="26599">
      <class name="com.lpg.qa.CounterSalesTestCases.SaleRegisterTest">
        <test-method is-config="true" signature="setup()[pri:0, instance:com.lpg.qa.CounterSalesTestCases.SaleRegisterTest@1ed6388a]" started-at="2023-01-13T15:43:46 IST" name="setup" finished-at="2023-01-13T15:43:55 IST" duration-ms="8942" status="PASS">
          <reporter-output>
          </reporter-output>
        </test-method> <!-- setup -->
        <test-method signature="SaleRegisterPageTest()[pri:0, instance:com.lpg.qa.CounterSalesTestCases.SaleRegisterTest@1ed6388a]" started-at="2023-01-13T15:43:55 IST" name="SaleRegisterPageTest" finished-at="2023-01-13T15:44:13 IST" duration-ms="17547" status="PASS">
          <reporter-output>
            <line>
              <![CDATA[verifyMyerpagancycode]]>
            </line>
            <line>
              <![CDATA[verifyMyerpUserid]]>
            </line>
            <line>
              <![CDATA[ verifyMyerpPassword]]>
            </line>
            <line>
              <![CDATA[ verifyMyerplogin]]>
            </line>
            <line>
              <![CDATA[ verifyMyerpgerneralreport]]>
            </line>
            <line>
              <![CDATA[ verifyMyerpsaleregister]]>
            </line>
            <line>
              <![CDATA[ verifyMyerpselectdate]]>
            </line>
            <line>
              <![CDATA[ verifyMyerpgetdatabtn]]>
            </line>
          </reporter-output>
        </test-method> <!-- SaleRegisterPageTest -->
        <test-method is-config="true" signature="screenshotCapture(org.testng.ITestResult)[pri:0, instance:com.lpg.qa.CounterSalesTestCases.SaleRegisterTest@1ed6388a]" started-at="2023-01-13T15:44:13 IST" name="screenshotCapture" finished-at="2023-01-13T15:44:13 IST" duration-ms="9" status="PASS">
          <params>
            <param index="0">
              <value>
                <![CDATA[[TestResult name=SaleRegisterPageTest status=SUCCESS method=SaleRegisterTest.SaleRegisterPageTest()[pri:0, instance:com.lpg.qa.CounterSalesTestCases.SaleRegisterTest@1ed6388a] output=verifyMyerpagancycode]]]>
              </value>
            </param>
          </params>
          <reporter-output>
          </reporter-output>
        </test-method> <!-- screenshotCapture -->
        <test-method is-config="true" signature="teardown()[pri:0, instance:com.lpg.qa.CounterSalesTestCases.SaleRegisterTest@1ed6388a]" started-at="2023-01-13T15:44:13 IST" name="teardown" finished-at="2023-01-13T15:44:13 IST" duration-ms="0" status="PASS">
          <reporter-output>
          </reporter-output>
        </test-method> <!-- teardown -->
      </class> <!-- com.lpg.qa.CounterSalesTestCases.SaleRegisterTest -->
    </test> <!-- Default test -->
  </suite> <!-- Default suite -->
</testng-results>
