<?xml version="1.0" encoding="UTF-8"?>
<testng-results ignored="0" total="1" passed="1" failed="0" skipped="0">
  <reporter-output>
    <line>
      <![CDATA[verifyMyerpagancycode]]>
    </line>
    <line>
      <![CDATA[verifyMyerpUserid]]>
    </line>
    <line>
      <![CDATA[verifyMyerpPassword]]>
    </line>
    <line>
      <![CDATA[verifyMyerplogin]]>
    </line>
    <line>
      <![CDATA[verifyMyerpaccountreport]]>
    </line>
    <line>
      <![CDATA[verifyMyerpaccountingreport]]>
    </line>
    <line>
      <![CDATA[verifyMyerppagenav]]>
    </line>
    <line>
      <![CDATA[verifyMyerptrailcreditorsreport]]>
    </line>
    <line>
      <![CDATA[verifyMyerpfromdate]]>
    </line>
    <line>
      <![CDATA[ verifyMyerpgetdatabtn]]>
    </line>
  </reporter-output>
  <suite started-at="2023-01-18T13:46:28 IST" name="Default suite" finished-at="2023-01-18T13:46:52 IST" duration-ms="24443">
    <groups>
    </groups>
    <test started-at="2023-01-18T13:46:28 IST" name="Default test" finished-at="2023-01-18T13:46:52 IST" duration-ms="24443">
      <class name="com.lpg.qa.accountsTestcases.TrialBalanceCreditorsTest">
        <test-method is-config="true" signature="setup()[pri:0, instance:com.lpg.qa.accountsTestcases.TrialBalanceCreditorsTest@1ed6388a]" started-at="2023-01-18T13:46:28 IST" name="setup" finished-at="2023-01-18T13:46:38 IST" duration-ms="9747" status="PASS">
          <reporter-output>
          </reporter-output>
        </test-method> <!-- setup -->
        <test-method signature="TrialBalanceCreditorsPageTest()[pri:0, instance:com.lpg.qa.accountsTestcases.TrialBalanceCreditorsTest@1ed6388a]" started-at="2023-01-18T13:46:38 IST" name="TrialBalanceCreditorsPageTest" finished-at="2023-01-18T13:46:52 IST" duration-ms="14550" status="PASS">
          <reporter-output>
            <line>
              <![CDATA[verifyMyerpagancycode]]>
            </line>
            <line>
              <![CDATA[verifyMyerpUserid]]>
            </line>
            <line>
              <![CDATA[verifyMyerpPassword]]>
            </line>
            <line>
              <![CDATA[verifyMyerplogin]]>
            </line>
            <line>
              <![CDATA[verifyMyerpaccountreport]]>
            </line>
            <line>
              <![CDATA[verifyMyerpaccountingreport]]>
            </line>
            <line>
              <![CDATA[verifyMyerppagenav]]>
            </line>
            <line>
              <![CDATA[verifyMyerptrailcreditorsreport]]>
            </line>
            <line>
              <![CDATA[verifyMyerpfromdate]]>
            </line>
            <line>
              <![CDATA[ verifyMyerpgetdatabtn]]>
            </line>
          </reporter-output>
        </test-method> <!-- TrialBalanceCreditorsPageTest -->
        <test-method is-config="true" signature="screenshotCapture(org.testng.ITestResult)[pri:0, instance:com.lpg.qa.accountsTestcases.TrialBalanceCreditorsTest@1ed6388a]" started-at="2023-01-18T13:46:52 IST" name="screenshotCapture" finished-at="2023-01-18T13:46:52 IST" duration-ms="12" status="PASS">
          <params>
            <param index="0">
              <value>
                <![CDATA[[TestResult name=TrialBalanceCreditorsPageTest status=SUCCESS method=TrialBalanceCreditorsTest.TrialBalanceCreditorsPageTest()[pri:0, instance:com.lpg.qa.accountsTestcases.TrialBalanceCreditorsTest@1ed6388a] output=verifyMyerpagancycode]]]>
              </value>
            </param>
          </params>
          <reporter-output>
          </reporter-output>
        </test-method> <!-- screenshotCapture -->
        <test-method is-config="true" signature="teardown()[pri:0, instance:com.lpg.qa.accountsTestcases.TrialBalanceCreditorsTest@1ed6388a]" started-at="2023-01-18T13:46:52 IST" name="teardown" finished-at="2023-01-18T13:46:52 IST" duration-ms="1" status="PASS">
          <reporter-output>
          </reporter-output>
        </test-method> <!-- teardown -->
      </class> <!-- com.lpg.qa.accountsTestcases.TrialBalanceCreditorsTest -->
    </test> <!-- Default test -->
  </suite> <!-- Default suite -->
</testng-results>
